<?xml version="1.0" encoding="UTF-8"?>
<!-- Generated by org.testng.reporters.JUnitReportReporter -->
<testsuite skipped="0" hostname="DELL" name="com.javaLive.springmvc.service.EmployeeServiceImplTest" tests="7" failures="0" timestamp="21 Feb 2020 08:54:44 GMT" time="0.077" errors="0">
  <testcase name="saveEmployee" time="0.003" classname="com.javaLive.springmvc.service.EmployeeServiceImplTest"/>
  <testcase name="deleteEmployeeBySsn" time="0.042" classname="com.javaLive.springmvc.service.EmployeeServiceImplTest"/>
  <testcase name="isEmployeeSsnUnique" time="0.003" classname="com.javaLive.springmvc.service.EmployeeServiceImplTest"/>
  <testcase name="findEmployeeBySsn" time="0.007" classname="com.javaLive.springmvc.service.EmployeeServiceImplTest"/>
  <testcase name="updateEmployee" time="0.010" classname="com.javaLive.springmvc.service.EmployeeServiceImplTest"/>
  <testcase name="findAllEmployees" time="0.008" classname="com.javaLive.springmvc.service.EmployeeServiceImplTest"/>
  <testcase name="findById" time="0.004" classname="com.javaLive.springmvc.service.EmployeeServiceImplTest"/>
</testsuite> <!-- com.javaLive.springmvc.service.EmployeeServiceImplTest -->
