<?xml version="1.0" encoding="UTF-8"?>
<!-- Generated by org.testng.reporters.JUnitReportReporter -->
<testsuite skipped="0" hostname="DELL" name="com.javaLive.springmvc.dao.EmployeeDaoImplTest" tests="6" failures="0" timestamp="21 Feb 2020 08:54:44 GMT" time="1.385" errors="0">
  <testcase name="saveEmployee" time="0.214" classname="com.javaLive.springmvc.dao.EmployeeDaoImplTest"/>
  <testcase name="deleteEmployeeByInvalidSsn" time="0.367" classname="com.javaLive.springmvc.dao.EmployeeDaoImplTest"/>
  <testcase name="deleteEmployeeBySsn" time="0.077" classname="com.javaLive.springmvc.dao.EmployeeDaoImplTest"/>
  <testcase name="findAllEmployees" time="0.311" classname="com.javaLive.springmvc.dao.EmployeeDaoImplTest"/>
  <testcase name="findEmployeeBySsn" time="0.095" classname="com.javaLive.springmvc.dao.EmployeeDaoImplTest"/>
  <testcase name="findById" time="0.321" classname="com.javaLive.springmvc.dao.EmployeeDaoImplTest"/>
</testsuite> <!-- com.javaLive.springmvc.dao.EmployeeDaoImplTest -->
