<?xml version="1.0" encoding="UTF-8"?>
<!-- Generated by org.testng.reporters.JUnitReportReporter -->
<testsuite skipped="0" hostname="DELL" name="com.javaLive.springmvc.service.EmployeeServiceImplTest" tests="7" failures="0" timestamp="20 Feb 2020 13:37:43 GMT" time="0.155" errors="0">
  <testcase name="saveEmployee" time="0.015" classname="com.javaLive.springmvc.service.EmployeeServiceImplTest"/>
  <testcase name="deleteEmployeeBySsn" time="0.078" classname="com.javaLive.springmvc.service.EmployeeServiceImplTest"/>
  <testcase name="isEmployeeSsnUnique" time="0.000" classname="com.javaLive.springmvc.service.EmployeeServiceImplTest"/>
  <testcase name="findEmployeeBySsn" time="0.015" classname="com.javaLive.springmvc.service.EmployeeServiceImplTest"/>
  <testcase name="updateEmployee" time="0.016" classname="com.javaLive.springmvc.service.EmployeeServiceImplTest"/>
  <testcase name="findAllEmployees" time="0.015" classname="com.javaLive.springmvc.service.EmployeeServiceImplTest"/>
  <testcase name="findById" time="0.016" classname="com.javaLive.springmvc.service.EmployeeServiceImplTest"/>
</testsuite> <!-- com.javaLive.springmvc.service.EmployeeServiceImplTest -->
