<?xml version="1.0" encoding="UTF-8"?>
<!-- Generated by org.testng.reporters.JUnitReportReporter -->
<testsuite skipped="0" hostname="DELL" name="com.javaLive.springmvc.controller.AppControllerTest" tests="10" failures="0" timestamp="20 Feb 2020 13:37:43 GMT" time="0.244" errors="0">
  <testcase name="saveEmployeeWithValidationErrorNonUniqueSSN" time="0.004" classname="com.javaLive.springmvc.controller.AppControllerTest"/>
  <testcase name="saveEmployeeWithValidationError" time="0.008" classname="com.javaLive.springmvc.controller.AppControllerTest"/>
  <testcase name="updateEmployeeWithValidationError" time="0.008" classname="com.javaLive.springmvc.controller.AppControllerTest"/>
  <testcase name="listEmployees" time="0.004" classname="com.javaLive.springmvc.controller.AppControllerTest"/>
  <testcase name="updateEmployeeWithSuccess" time="0.004" classname="com.javaLive.springmvc.controller.AppControllerTest"/>
  <testcase name="deleteEmployee" time="0.004" classname="com.javaLive.springmvc.controller.AppControllerTest"/>
  <testcase name="updateEmployeeWithValidationErrorNonUniqueSSN" time="0.004" classname="com.javaLive.springmvc.controller.AppControllerTest"/>
  <testcase name="newEmployee" time="0.008" classname="com.javaLive.springmvc.controller.AppControllerTest"/>
  <testcase name="editEmployee" time="0.140" classname="com.javaLive.springmvc.controller.AppControllerTest"/>
  <testcase name="saveEmployeeWithSuccess" time="0.060" classname="com.javaLive.springmvc.controller.AppControllerTest"/>
</testsuite> <!-- com.javaLive.springmvc.controller.AppControllerTest -->
