<?xml version="1.0" encoding="UTF-8"?>
<!-- Generated by org.testng.reporters.JUnitReportReporter -->
<testsuite hostname="DELL" name="com.javaLive.springmvc.controller.AppControllerTest" tests="10" failures="0" timestamp="20 Feb 2020 14:00:16 GMT" time="0.171" errors="0">
  <testcase name="listEmployees" time="0.016" classname="com.javaLive.springmvc.controller.AppControllerTest"/>
  <testcase name="saveEmployeeWithSuccess" time="0.000" classname="com.javaLive.springmvc.controller.AppControllerTest"/>
  <testcase name="saveEmployeeWithValidationErrorNonUniqueSSN" time="0.000" classname="com.javaLive.springmvc.controller.AppControllerTest"/>
  <testcase name="newEmployee" time="0.000" classname="com.javaLive.springmvc.controller.AppControllerTest"/>
  <testcase name="saveEmployeeWithValidationError" time="0.000" classname="com.javaLive.springmvc.controller.AppControllerTest"/>
  <testcase name="deleteEmployee" time="0.047" classname="com.javaLive.springmvc.controller.AppControllerTest"/>
  <testcase name="editEmployee" time="0.093" classname="com.javaLive.springmvc.controller.AppControllerTest"/>
  <testcase name="updateEmployeeWithSuccess" time="0.015" classname="com.javaLive.springmvc.controller.AppControllerTest"/>
  <testcase name="updateEmployeeWithValidationErrorNonUniqueSSN" time="0.000" classname="com.javaLive.springmvc.controller.AppControllerTest"/>
  <testcase name="updateEmployeeWithValidationError" time="0.000" classname="com.javaLive.springmvc.controller.AppControllerTest"/>
</testsuite> <!-- com.javaLive.springmvc.controller.AppControllerTest -->
