<?xml version="1.0" encoding="UTF-8"?>
<!-- Generated by org.testng.reporters.JUnitReportReporter -->
<testsuite hostname="DELL" name="com.javaLive.springmvc.service.EmployeeServiceImplTest" tests="7" failures="0" timestamp="20 Feb 2020 08:51:47 GMT" time="0.024" errors="0">
  <testcase name="findAllEmployees" time="0.000" classname="com.javaLive.springmvc.service.EmployeeServiceImplTest"/>
  <testcase name="findById" time="0.004" classname="com.javaLive.springmvc.service.EmployeeServiceImplTest"/>
  <testcase name="isEmployeeSsnUnique" time="0.004" classname="com.javaLive.springmvc.service.EmployeeServiceImplTest"/>
  <testcase name="findEmployeeBySsn" time="0.004" classname="com.javaLive.springmvc.service.EmployeeServiceImplTest"/>
  <testcase name="deleteEmployeeBySsn" time="0.004" classname="com.javaLive.springmvc.service.EmployeeServiceImplTest"/>
  <testcase name="saveEmployee" time="0.008" classname="com.javaLive.springmvc.service.EmployeeServiceImplTest"/>
  <testcase name="updateEmployee" time="0.000" classname="com.javaLive.springmvc.service.EmployeeServiceImplTest"/>
</testsuite> <!-- com.javaLive.springmvc.service.EmployeeServiceImplTest -->
