<?xml version="1.0" encoding="UTF-8"?>
<!-- Generated by org.testng.reporters.JUnitReportReporter -->
<testsuite hostname="DELL" name="com.javaLive.springmvc.dao.EmployeeDaoImplTest" tests="6" failures="0" timestamp="20 Feb 2020 14:00:16 GMT" time="1.704" errors="0">
  <testcase name="deleteEmployeeByInvalidSsn" time="0.869" classname="com.javaLive.springmvc.dao.EmployeeDaoImplTest"/>
  <testcase name="deleteEmployeeBySsn" time="0.280" classname="com.javaLive.springmvc.dao.EmployeeDaoImplTest"/>
  <testcase name="findById" time="0.070" classname="com.javaLive.springmvc.dao.EmployeeDaoImplTest"/>
  <testcase name="saveEmployee" time="0.309" classname="com.javaLive.springmvc.dao.EmployeeDaoImplTest"/>
  <testcase name="findEmployeeBySsn" time="0.072" classname="com.javaLive.springmvc.dao.EmployeeDaoImplTest"/>
  <testcase name="findAllEmployees" time="0.104" classname="com.javaLive.springmvc.dao.EmployeeDaoImplTest"/>
</testsuite> <!-- com.javaLive.springmvc.dao.EmployeeDaoImplTest -->
